<?xml version="1.0" encoding="UTF-8"?>
<testsuite name="it.unicam.cs.pa2024.dibiasemichela113966.TestGara" tests="7" skipped="0" failures="0" errors="0" timestamp="2024-06-23T17:47:41" hostname="LAPTOP-O6NG8JTR" time="0.044">
  <properties/>
  <testcase name="testControlloVittoria()" classname="it.unicam.cs.pa2024.dibiasemichela113966.TestGara" time="0.011"/>
  <testcase name="testSpostaMacchina()" classname="it.unicam.cs.pa2024.dibiasemichela113966.TestGara" time="0.011"/>
  <testcase name="testRoundSuccessivo()" classname="it.unicam.cs.pa2024.dibiasemichela113966.TestGara" time="0.004"/>
  <testcase name="testControlloMossaNonValida()" classname="it.unicam.cs.pa2024.dibiasemichela113966.TestGara" time="0.004"/>
  <testcase name="testControlloStato()" classname="it.unicam.cs.pa2024.dibiasemichela113966.TestGara" time="0.004"/>
  <testcase name="testControlloMossePossibili()" classname="it.unicam.cs.pa2024.dibiasemichela113966.TestGara" time="0.002"/>
  <testcase name="testStatoMacchinaFuoriGara()" classname="it.unicam.cs.pa2024.dibiasemichela113966.TestGara" time="0.003"/>
  <system-out><![CDATA[0 0 0 0 0 0 0 0 0 0 0 0 0 0 0 0 0 0 0 
0 0 1 1 1 1 0 0 0 0 0 0 0 0 0 0 0 0 0 
0 1 1 1 1 1 1 0 0 0 0 0 0 1 1 1 0 0 0 
0 1 1 1 0 1 1 1 0 0 0 0 0 1 1 1 1 1 0 
0 1 1 1 0 0 1 1 1 0 0 1 1 1 1 1 1 1 0 
0 1 1 1 0 0 0 1 1 1 0 1 1 1 0 1 1 1 0 
0 3 3 3 0 0 0 0 1 1 1 1 1 0 0 1 1 1 0 
0 2 2 2 0 0 0 0 0 1 1 1 0 0 0 1 1 1 0 
0 2 2 2 0 0 0 0 0 0 1 0 0 0 1 1 1 0 0 
0 1 1 1 0 0 0 0 0 0 0 0 0 1 1 1 0 0 0 
0 1 1 1 1 0 0 0 0 0 0 0 1 1 1 0 0 0 0 
0 0 1 1 1 1 0 0 0 0 0 0 0 1 1 1 0 0 0 
0 0 0 1 1 1 0 0 0 0 0 0 0 0 1 1 1 0 0 
0 0 0 1 1 1 1 0 0 0 0 0 0 0 0 1 1 1 0 
0 0 0 1 1 1 1 0 0 0 0 0 0 0 1 1 1 1 0 
0 0 0 0 1 1 1 1 0 0 0 0 0 1 1 1 1 0 0 
0 0 0 0 0 1 1 1 1 0 0 0 1 1 1 1 0 0 0 
0 0 0 0 0 0 1 1 1 1 0 1 1 1 1 0 0 0 0 
0 0 0 0 0 0 0 1 1 1 1 1 1 1 0 0 0 0 0 
0 0 0 0 0 0 0 0 1 1 1 1 1 0 0 0 0 0 0 
0 0 0 0 0 0 0 0 0 1 1 1 0 0 0 0 0 0 0 
0 0 0 0 0 0 0 0 0 0 1 0 0 0 0 0 0 0 0 
0 0 0 0 0 0 0 0 0 0 0 0 0 0 0 0 0 0 0 
0 0 0 0 0 0 0 0 0 0 0 0 0 0 0 0 0 0 0 
0 0 1 1 1 1 0 0 0 0 0 0 0 0 0 0 0 0 0 
0 1 1 1 1 1 1 0 0 0 0 0 0 1 1 1 0 0 0 
0 1 1 1 0 1 1 1 0 0 0 0 0 1 1 1 1 1 0 
0 1 1 1 0 0 1 1 1 0 0 1 1 1 1 1 1 1 0 
0 1 1 1 0 0 0 1 1 1 0 1 1 1 0 1 1 1 0 
0 3 3 3 0 0 0 0 1 1 1 1 1 0 0 1 1 1 0 
0 2 2 2 0 0 0 0 0 1 1 1 0 0 0 1 1 1 0 
0 2 2 2 0 0 0 0 0 0 1 0 0 0 1 1 1 0 0 
0 1 1 1 0 0 0 0 0 0 0 0 0 1 1 1 0 0 0 
0 1 1 1 1 0 0 0 0 0 0 0 1 1 1 0 0 0 0 
0 0 1 1 1 1 0 0 0 0 0 0 0 1 1 1 0 0 0 
0 0 0 1 1 1 0 0 0 0 0 0 0 0 1 1 1 0 0 
0 0 0 1 1 1 1 0 0 0 0 0 0 0 0 1 1 1 0 
0 0 0 1 1 1 1 0 0 0 0 0 0 0 1 1 1 1 0 
0 0 0 0 1 1 1 1 0 0 0 0 0 1 1 1 1 0 0 
0 0 0 0 0 1 1 1 1 0 0 0 1 1 1 1 0 0 0 
0 0 0 0 0 0 1 1 1 1 0 1 1 1 1 0 0 0 0 
0 0 0 0 0 0 0 1 1 1 1 1 1 1 0 0 0 0 0 
0 0 0 0 0 0 0 0 1 1 1 1 1 0 0 0 0 0 0 
0 0 0 0 0 0 0 0 0 1 1 1 0 0 0 0 0 0 0 
0 0 0 0 0 0 0 0 0 0 1 0 0 0 0 0 0 0 0 
0 0 0 0 0 0 0 0 0 0 0 0 0 0 0 0 0 0 0 
0 0 0 0 0 0 0 0 0 0 0 0 0 0 0 0 0 0 0 
0 0 1 1 1 1 0 0 0 0 0 0 0 0 0 0 0 0 0 
0 1 1 1 1 1 1 0 0 0 0 0 0 1 1 1 0 0 0 
0 1 1 1 0 1 1 1 0 0 0 0 0 1 1 1 1 1 0 
0 1 1 1 0 0 1 1 1 0 0 1 1 1 1 1 1 1 0 
0 1 1 1 0 0 0 1 1 1 0 1 1 1 0 1 1 1 0 
0 3 3 3 0 0 0 0 1 1 1 1 1 0 0 1 1 1 0 
0 2 2 2 0 0 0 0 0 1 1 1 0 0 0 1 1 1 0 
0 2 2 2 0 0 0 0 0 0 1 0 0 0 1 1 1 0 0 
0 1 1 1 0 0 0 0 0 0 0 0 0 1 1 1 0 0 0 
0 1 1 1 1 0 0 0 0 0 0 0 1 1 1 0 0 0 0 
0 0 1 1 1 1 0 0 0 0 0 0 0 1 1 1 0 0 0 
0 0 0 1 1 1 0 0 0 0 0 0 0 0 1 1 1 0 0 
0 0 0 1 1 1 1 0 0 0 0 0 0 0 0 1 1 1 0 
0 0 0 1 1 1 1 0 0 0 0 0 0 0 1 1 1 1 0 
0 0 0 0 1 1 1 1 0 0 0 0 0 1 1 1 1 0 0 
0 0 0 0 0 1 1 1 1 0 0 0 1 1 1 1 0 0 0 
0 0 0 0 0 0 1 1 1 1 0 1 1 1 1 0 0 0 0 
0 0 0 0 0 0 0 1 1 1 1 1 1 1 0 0 0 0 0 
0 0 0 0 0 0 0 0 1 1 1 1 1 0 0 0 0 0 0 
0 0 0 0 0 0 0 0 0 1 1 1 0 0 0 0 0 0 0 
0 0 0 0 0 0 0 0 0 0 1 0 0 0 0 0 0 0 0 
0 0 0 0 0 0 0 0 0 0 0 0 0 0 0 0 0 0 0 
0 0 0 0 0 0 0 0 0 0 0 0 0 0 0 0 0 0 0 
0 0 1 1 1 1 0 0 0 0 0 0 0 0 0 0 0 0 0 
0 1 1 1 1 1 1 0 0 0 0 0 0 1 1 1 0 0 0 
0 1 1 1 0 1 1 1 0 0 0 0 0 1 1 1 1 1 0 
0 1 1 1 0 0 1 1 1 0 0 1 1 1 1 1 1 1 0 
0 1 1 1 0 0 0 1 1 1 0 1 1 1 0 1 1 1 0 
0 3 3 3 0 0 0 0 1 1 1 1 1 0 0 1 1 1 0 
0 2 2 2 0 0 0 0 0 1 1 1 0 0 0 1 1 1 0 
0 2 2 2 0 0 0 0 0 0 1 0 0 0 1 1 1 0 0 
0 1 1 1 0 0 0 0 0 0 0 0 0 1 1 1 0 0 0 
0 1 1 1 1 0 0 0 0 0 0 0 1 1 1 0 0 0 0 
0 0 1 1 1 1 0 0 0 0 0 0 0 1 1 1 0 0 0 
0 0 0 1 1 1 0 0 0 0 0 0 0 0 1 1 1 0 0 
0 0 0 1 1 1 1 0 0 0 0 0 0 0 0 1 1 1 0 
0 0 0 1 1 1 1 0 0 0 0 0 0 0 1 1 1 1 0 
0 0 0 0 1 1 1 1 0 0 0 0 0 1 1 1 1 0 0 
0 0 0 0 0 1 1 1 1 0 0 0 1 1 1 1 0 0 0 
0 0 0 0 0 0 1 1 1 1 0 1 1 1 1 0 0 0 0 
0 0 0 0 0 0 0 1 1 1 1 1 1 1 0 0 0 0 0 
0 0 0 0 0 0 0 0 1 1 1 1 1 0 0 0 0 0 0 
0 0 0 0 0 0 0 0 0 1 1 1 0 0 0 0 0 0 0 
0 0 0 0 0 0 0 0 0 0 1 0 0 0 0 0 0 0 0 
0 0 0 0 0 0 0 0 0 0 0 0 0 0 0 0 0 0 0 
0 0 0 0 0 0 0 0 0 0 0 0 0 0 0 0 0 0 0 
0 0 1 1 1 1 0 0 0 0 0 0 0 0 0 0 0 0 0 
0 1 1 1 1 1 1 0 0 0 0 0 0 1 1 1 0 0 0 
0 1 1 1 0 1 1 1 0 0 0 0 0 1 1 1 1 1 0 
0 1 1 1 0 0 1 1 1 0 0 1 1 1 1 1 1 1 0 
0 1 1 1 0 0 0 1 1 1 0 1 1 1 0 1 1 1 0 
0 3 3 3 0 0 0 0 1 1 1 1 1 0 0 1 1 1 0 
0 2 2 2 0 0 0 0 0 1 1 1 0 0 0 1 1 1 0 
0 2 2 2 0 0 0 0 0 0 1 0 0 0 1 1 1 0 0 
0 1 1 1 0 0 0 0 0 0 0 0 0 1 1 1 0 0 0 
0 1 1 1 1 0 0 0 0 0 0 0 1 1 1 0 0 0 0 
0 0 1 1 1 1 0 0 0 0 0 0 0 1 1 1 0 0 0 
0 0 0 1 1 1 0 0 0 0 0 0 0 0 1 1 1 0 0 
0 0 0 1 1 1 1 0 0 0 0 0 0 0 0 1 1 1 0 
0 0 0 1 1 1 1 0 0 0 0 0 0 0 1 1 1 1 0 
0 0 0 0 1 1 1 1 0 0 0 0 0 1 1 1 1 0 0 
0 0 0 0 0 1 1 1 1 0 0 0 1 1 1 1 0 0 0 
0 0 0 0 0 0 1 1 1 1 0 1 1 1 1 0 0 0 0 
0 0 0 0 0 0 0 1 1 1 1 1 1 1 0 0 0 0 0 
0 0 0 0 0 0 0 0 1 1 1 1 1 0 0 0 0 0 0 
0 0 0 0 0 0 0 0 0 1 1 1 0 0 0 0 0 0 0 
0 0 0 0 0 0 0 0 0 0 1 0 0 0 0 0 0 0 0 
0 0 0 0 0 0 0 0 0 0 0 0 0 0 0 0 0 0 0 
0 0 0 0 0 0 0 0 0 0 0 0 0 0 0 0 0 0 0 
0 0 1 1 1 1 0 0 0 0 0 0 0 0 0 0 0 0 0 
0 1 1 1 1 1 1 0 0 0 0 0 0 1 1 1 0 0 0 
0 1 1 1 0 1 1 1 0 0 0 0 0 1 1 1 1 1 0 
0 1 1 1 0 0 1 1 1 0 0 1 1 1 1 1 1 1 0 
0 1 1 1 0 0 0 1 1 1 0 1 1 1 0 1 1 1 0 
0 3 3 3 0 0 0 0 1 1 1 1 1 0 0 1 1 1 0 
0 2 2 2 0 0 0 0 0 1 1 1 0 0 0 1 1 1 0 
0 2 2 2 0 0 0 0 0 0 1 0 0 0 1 1 1 0 0 
0 1 1 1 0 0 0 0 0 0 0 0 0 1 1 1 0 0 0 
0 1 1 1 1 0 0 0 0 0 0 0 1 1 1 0 0 0 0 
0 0 1 1 1 1 0 0 0 0 0 0 0 1 1 1 0 0 0 
0 0 0 1 1 1 0 0 0 0 0 0 0 0 1 1 1 0 0 
0 0 0 1 1 1 1 0 0 0 0 0 0 0 0 1 1 1 0 
0 0 0 1 1 1 1 0 0 0 0 0 0 0 1 1 1 1 0 
0 0 0 0 1 1 1 1 0 0 0 0 0 1 1 1 1 0 0 
0 0 0 0 0 1 1 1 1 0 0 0 1 1 1 1 0 0 0 
0 0 0 0 0 0 1 1 1 1 0 1 1 1 1 0 0 0 0 
0 0 0 0 0 0 0 1 1 1 1 1 1 1 0 0 0 0 0 
0 0 0 0 0 0 0 0 1 1 1 1 1 0 0 0 0 0 0 
0 0 0 0 0 0 0 0 0 1 1 1 0 0 0 0 0 0 0 
0 0 0 0 0 0 0 0 0 0 1 0 0 0 0 0 0 0 0 
0 0 0 0 0 0 0 0 0 0 0 0 0 0 0 0 0 0 0 
0 0 0 0 0 0 0 0 0 0 0 0 0 0 0 0 0 0 0 
0 0 1 1 1 1 0 0 0 0 0 0 0 0 0 0 0 0 0 
0 1 1 1 1 1 1 0 0 0 0 0 0 1 1 1 0 0 0 
0 1 1 1 0 1 1 1 0 0 0 0 0 1 1 1 1 1 0 
0 1 1 1 0 0 1 1 1 0 0 1 1 1 1 1 1 1 0 
0 1 1 1 0 0 0 1 1 1 0 1 1 1 0 1 1 1 0 
0 3 3 3 0 0 0 0 1 1 1 1 1 0 0 1 1 1 0 
0 2 2 2 0 0 0 0 0 1 1 1 0 0 0 1 1 1 0 
0 2 2 2 0 0 0 0 0 0 1 0 0 0 1 1 1 0 0 
0 1 1 1 0 0 0 0 0 0 0 0 0 1 1 1 0 0 0 
0 1 1 1 1 0 0 0 0 0 0 0 1 1 1 0 0 0 0 
0 0 1 1 1 1 0 0 0 0 0 0 0 1 1 1 0 0 0 
0 0 0 1 1 1 0 0 0 0 0 0 0 0 1 1 1 0 0 
0 0 0 1 1 1 1 0 0 0 0 0 0 0 0 1 1 1 0 
0 0 0 1 1 1 1 0 0 0 0 0 0 0 1 1 1 1 0 
0 0 0 0 1 1 1 1 0 0 0 0 0 1 1 1 1 0 0 
0 0 0 0 0 1 1 1 1 0 0 0 1 1 1 1 0 0 0 
0 0 0 0 0 0 1 1 1 1 0 1 1 1 1 0 0 0 0 
0 0 0 0 0 0 0 1 1 1 1 1 1 1 0 0 0 0 0 
0 0 0 0 0 0 0 0 1 1 1 1 1 0 0 0 0 0 0 
0 0 0 0 0 0 0 0 0 1 1 1 0 0 0 0 0 0 0 
0 0 0 0 0 0 0 0 0 0 1 0 0 0 0 0 0 0 0 
0 0 0 0 0 0 0 0 0 0 0 0 0 0 0 0 0 0 0 
]]></system-out>
  <system-err><![CDATA[]]></system-err>
</testsuite>
